<?xml version="1.0" encoding="UTF-8" standalone="no"?><testsuite errors="1" failures="0" name="Gestión Digital de Pedidos y Preparación en Cocina" skipped="0" tests="1" time="23.41" timestamp="2026-03-10 09:01:40"><testcase name="Ciclo de vida completo del pedido desde la mesa hasta la confirmación de entrega"><error message="element click intercepted: Element &lt;button type=&quot;button&quot; class=&quot;inline-flex items-center justify-center gap-2 rounded-xl font-medium transition disabled:cursor-not-allowed disabled:opacity-50 bg-primary text-primary-foreground hover:brightness-110 active:brightness-95 h-8 px-3 text-xs&quot;&gt;...&lt;/button&gt; is not clickable at point (587, 16). Other element would receive the click: &lt;div class=&quot;flex items-center justify-between&quot;&gt;...&lt;/div&gt;&#10;  (Session info: chrome=145.0.7632.160)&#10;Build info: version: '4.29.0', revision: '5fc1ec94cb'&#10;System info: os.name: 'Windows 11', os.arch: 'amd64', os.version: '10.0', java.version: '21.0.10'&#10;Driver info: org.openqa.selenium.chrome.ChromeDriver&#10;Command: [621d92a6e6519761bc2a498b4ca454f0, clickElement {id=f.D6FF21AA86FFA187C6821B5E1B0BEE16.d.09077E44EDBF690A20BC7EAC98EA116F.e.48}]&#10;Capabilities {acceptInsecureCerts: false, browserName: chrome, browserVersion: 145.0.7632.160, chrome: {chromedriverVersion: 145.0.7632.117 (de4e5d6e13b..., userDataDir: C:\Users\Asus\AppData\Local...}, fedcm:accounts: true, goog:chromeOptions: {debuggerAddress: localhost:58142}, goog:processID: 22340, networkConnectionEnabled: false, pageLoadStrategy: normal, platformName: windows, proxy: Proxy(), se:cdp: ws://localhost:58142/devtoo..., se:cdpVersion: 145.0.7632.160, setWindowRect: true, strictFileInteractability: false, timeouts: {implicit: 0, pageLoad: 300000, script: 30000}, unhandledPromptBehavior: dismiss and notify, webauthn:extension:credBlob: true, webauthn:extension:largeBlob: true, webauthn:extension:minPinLength: true, webauthn:extension:prf: true, webauthn:virtualAuthenticators: true}&#10;Element: [[ChromeDriver: chrome on windows (621d92a6e6519761bc2a498b4ca454f0)] -&gt; xpath: //p[contains(.,'#a63dfa87')]/ancestor::div[contains(@class,'rounded-2xl') and contains(@class,'p-4')]//button[normalize-space()='Marcar listo']]&#10;Session ID: 621d92a6e6519761bc2a498b4ca454f0" type="org.openqa.selenium.ElementClickInterceptedException">element click intercepted: Element &lt;button type="button" class="inline-flex items-center justify-center gap-2 rounded-xl font-medium transition disabled:cursor-not-allowed disabled:opacity-50 bg-primary text-primary-foreground hover:brightness-110 active:brightness-95 h-8 px-3 text-xs"&gt;...&lt;/button&gt; is not clickable at point (587, 16). Other element would receive the click: &lt;div class="flex items-center justify-between"&gt;...&lt;/div&gt;
  (Session info: chrome=145.0.7632.160)
Build info: version: '4.29.0', revision: '5fc1ec94cb'
System info: os.name: 'Windows 11', os.arch: 'amd64', os.version: '10.0', java.version: '21.0.10'
Driver info: org.openqa.selenium.chrome.ChromeDriver
Command: [621d92a6e6519761bc2a498b4ca454f0, clickElement {id=f.D6FF21AA86FFA187C6821B5E1B0BEE16.d.09077E44EDBF690A20BC7EAC98EA116F.e.48}]
Capabilities {acceptInsecureCerts: false, browserName: chrome, browserVersion: 145.0.7632.160, chrome: {chromedriverVersion: 145.0.7632.117 (de4e5d6e13b..., userDataDir: C:\Users\Asus\AppData\Local...}, fedcm:accounts: true, goog:chromeOptions: {debuggerAddress: localhost:58142}, goog:processID: 22340, networkConnectionEnabled: false, pageLoadStrategy: normal, platformName: windows, proxy: Proxy(), se:cdp: ws://localhost:58142/devtoo..., se:cdpVersion: 145.0.7632.160, setWindowRect: true, strictFileInteractability: false, timeouts: {implicit: 0, pageLoad: 300000, script: 30000}, unhandledPromptBehavior: dismiss and notify, webauthn:extension:credBlob: true, webauthn:extension:largeBlob: true, webauthn:extension:minPinLength: true, webauthn:extension:prf: true, webauthn:virtualAuthenticators: true}
Element: [[ChromeDriver: chrome on windows (621d92a6e6519761bc2a498b4ca454f0)] -&gt; xpath: //p[contains(.,'#a63dfa87')]/ancestor::div[contains(@class,'rounded-2xl') and contains(@class,'p-4')]//button[normalize-space()='Marcar listo']]
Session ID: 621d92a6e6519761bc2a498b4ca454f0</error><system-err>element click intercepted: Element &lt;button type="button" class="inline-flex items-center justify-center gap-2 rounded-xl font-medium transition disabled:cursor-not-allowed disabled:opacity-50 bg-primary text-primary-foreground hover:brightness-110 active:brightness-95 h-8 px-3 text-xs"&gt;...&lt;/button&gt; is not clickable at point (587, 16). Other element would receive the click: &lt;div class="flex items-center justify-between"&gt;...&lt;/div&gt;
  (Session info: chrome=145.0.7632.160)
Build info: version: '4.29.0', revision: '5fc1ec94cb'
System info: os.name: 'Windows 11', os.arch: 'amd64', os.version: '10.0', java.version: '21.0.10'
Driver info: org.openqa.selenium.chrome.ChromeDriver
Command: [621d92a6e6519761bc2a498b4ca454f0, clickElement {id=f.D6FF21AA86FFA187C6821B5E1B0BEE16.d.09077E44EDBF690A20BC7EAC98EA116F.e.48}]
Capabilities {acceptInsecureCerts: false, browserName: chrome, browserVersion: 145.0.7632.160, chrome: {chromedriverVersion: 145.0.7632.117 (de4e5d6e13b..., userDataDir: C:\Users\Asus\AppData\Local...}, fedcm:accounts: true, goog:chromeOptions: {debuggerAddress: localhost:58142}, goog:processID: 22340, networkConnectionEnabled: false, pageLoadStrategy: normal, platformName: windows, proxy: Proxy(), se:cdp: ws://localhost:58142/devtoo..., se:cdpVersion: 145.0.7632.160, setWindowRect: true, strictFileInteractability: false, timeouts: {implicit: 0, pageLoad: 300000, script: 30000}, unhandledPromptBehavior: dismiss and notify, webauthn:extension:credBlob: true, webauthn:extension:largeBlob: true, webauthn:extension:minPinLength: true, webauthn:extension:prf: true, webauthn:virtualAuthenticators: true}
Element: [[ChromeDriver: chrome on windows (621d92a6e6519761bc2a498b4ca454f0)] -&gt; xpath: //p[contains(.,'#a63dfa87')]/ancestor::div[contains(@class,'rounded-2xl') and contains(@class,'p-4')]//button[normalize-space()='Marcar listo']]
Session ID: 621d92a6e6519761bc2a498b4ca454f0&#13;
com.restaurante.tasks.PrepararPedido.performAs(PrepararPedido.java:43)&#13;
com.restaurante.stepdefinitions.PedidoStepDefinitions.elPersonalDeCocinaGestionaLaOrden(PedidoStepDefinitions.java:61)&#13;
✽.el personal de cocina gestiona la orden en el monitor hasta marcarla como terminada(classpath:features/pedido.feature:6)&#13;
</system-err></testcase></testsuite>